0 info it worked if it ends with ok
1 verbose cli [ '/usr/local/Cellar/node/5.1.0/bin/node',
1 verbose cli   '/usr/local/bin/npm',
1 verbose cli   'run',
1 verbose cli   'babel-node',
1 verbose cli   'src/server.js' ]
2 info using npm@3.4.0
3 info using node@v5.1.0
4 verbose run-script [ 'prebabel-node', 'babel-node', 'postbabel-node' ]
5 info lifecycle trollo@1.0.0~prebabel-node: trollo@1.0.0
6 silly lifecycle trollo@1.0.0~prebabel-node: no script for prebabel-node, continuing
7 info lifecycle trollo@1.0.0~babel-node: trollo@1.0.0
8 verbose lifecycle trollo@1.0.0~babel-node: unsafe-perm in lifecycle true
9 verbose lifecycle trollo@1.0.0~babel-node: PATH: /usr/local/lib/node_modules/npm/bin/node-gyp-bin:/Users/pekkis/trollo/node_modules/.bin:/usr/local/lib/node_modules/npm/bin/node-gyp-bin:/Users/pekkis/trollo/node_modules/.bin:/usr/local/bin:/usr/bin:/bin:/usr/sbin:/sbin
10 verbose lifecycle trollo@1.0.0~babel-node: CWD: /Users/pekkis/trollo
11 silly lifecycle trollo@1.0.0~babel-node: Args: [ '-c', 'babel-node "src/server.js"' ]
12 silly lifecycle trollo@1.0.0~babel-node: Returned: code: 1  signal: null
13 info lifecycle trollo@1.0.0~babel-node: Failed to exec babel-node script
14 verbose stack Error: trollo@1.0.0 babel-node: `babel-node "src/server.js"`
14 verbose stack Exit status 1
14 verbose stack     at EventEmitter.<anonymous> (/usr/local/lib/node_modules/npm/lib/utils/lifecycle.js:232:16)
14 verbose stack     at emitTwo (events.js:87:13)
14 verbose stack     at EventEmitter.emit (events.js:172:7)
14 verbose stack     at ChildProcess.<anonymous> (/usr/local/lib/node_modules/npm/lib/utils/spawn.js:24:14)
14 verbose stack     at emitTwo (events.js:87:13)
14 verbose stack     at ChildProcess.emit (events.js:172:7)
14 verbose stack     at maybeClose (internal/child_process.js:818:16)
14 verbose stack     at Process.ChildProcess._handle.onexit (internal/child_process.js:211:5)
15 verbose pkgid trollo@1.0.0
16 verbose cwd /Users/pekkis/trollo
17 error Darwin 14.3.0
18 error argv "/usr/local/Cellar/node/5.1.0/bin/node" "/usr/local/bin/npm" "run" "babel-node" "src/server.js"
19 error node v5.1.0
20 error npm  v3.4.0
21 error code ELIFECYCLE
22 error trollo@1.0.0 babel-node: `babel-node "src/server.js"`
22 error Exit status 1
23 error Failed at the trollo@1.0.0 babel-node script 'babel-node "src/server.js"'.
23 error Make sure you have the latest version of node.js and npm installed.
23 error If you do, this is most likely a problem with the trollo package,
23 error not with npm itself.
23 error Tell the author that this fails on your system:
23 error     babel-node "src/server.js"
23 error You can get their info via:
23 error     npm owner ls trollo
23 error There is likely additional logging output above.
24 verbose exit [ 1, true ]
